[96mRequest: [93mPOST [97m/obm/nl [90mat [37mMon Nov 05 2018 23:33:24 GMT+0200, [90mUser Agent: Mozilla/5.0 (Windows NT 10.0; Win64; x64) AppleWebKit/537.36 (KHTML, like Gecko) Chrome/69.0.3497.100 Safari/537.36[0m
[95mRequest Body:[0m
[97m{[0m
[97m	"soapenv:envelope": {[0m
[97m		"$": {[0m
[97m			"xmlns:soapenv": "http://schemas.xmlsoap.org/soap/envelope/",[0m
[97m			"xmlns:xsd": "http://www.w3.org/2001/XMLSchema",[0m
[97m			"xmlns:xsi": "http://www.w3.org/2001/XMLSchema-instance"[0m
[97m		},[0m
[97m		"soapenv:body": [[0m
[97m			{[0m
[97m				"notifications": [[0m
[97m					{[0m
[97m						"$": {[0m
[97m							"xmlns": "http://soap.sforce.com/2005/09/outbound"[0m
[97m						},[0m
[97m						"organizationid": [[0m
[97m							"00DG0000000glAcXXX"[0m
[97m						],[0m
[97m						"actionid": [[0m
[97m							"04kG0000000I3EwYYY"[0m
[97m						],[0m
[97m						"sessionid": [[0m
[97m							"00DG0000000lgAc!AQ8AQEzUJm1i4D1FRCQELTogBXnHojuT3U0Be9BWM0"[0m
[97m						],[0m
[97m						"enterpriseurl": [[0m
[97m							"https://na11.salesforce.com/services/Soap/c/32.0/00DG0000000glTd"[0m
[97m						],[0m
[97m						"partnerurl": [[0m
[97m							"https://na11.salesforce.com/services/Soap/u/32.0/00DG0000000glTd"[0m
[97m						],[0m
[97m						"notification": [[0m
[97m							{[0m
[97m								"id": [[0m
[97m									"04lG000000SXaX6XXX"[0m
[97m								],[0m
[97m								"sobject": [[0m
[97m									{[0m
[97m										"$": {[0m
[97m											"xsi:type": "sf:Contact",[0m
[97m											"xmlns:sf": "urn:sobject.enterp[0m
[97m...[0m
[95mResponse Body:[0m
[97m<soapenv:Envelope xmlns:soapenv="http://schemas.xmlsoap.org/soap/envelope/" xmlns:out="http://soap.sforce.com/2005/09/outbound"><soapenv:Header/><soapenv:Body><out:notificationsResponse><out:Ack>true</out:Ack></out:notificationsResponse></soapenv:Body></soapenv:Envelope>[0m
[96mResponse: [32m200 [37m10.683 ms - 271[0m
